<?xml version='1.0'?>
<ns2:test-suite xmlns:ns2='urn:model.allure.qatools.yandex.ru' start='1632391896293' stop='1632391901319'>
    <name>Functional testing of application</name>
    <title>Functional testing of application</title>
    <test-cases>
        <test-case start='1632391896293' status='broken' stop='1632391900298'>
            <name>Scrolling AND MOUSE OVER SCENARIO</name>
            <title>Scrolling AND MOUSE OVER SCENARIO</title>
            <labels>
                <label name='language' value='javascript'/>
                <label name='framework' value='wdio'/>
                <label name='thread' value='0-0'/>
            </labels>
            <parameters>
                <parameter kind='argument' name='browser' value='Chrome-94.0.4606.54'/>
            </parameters>
            <steps/>
            <attachments>
                <attachment title='Screenshot' source='8c62cbb2-0745-4ae7-8b09-e3d4e6b1f895-attachment.png' type='image/png' size='768751'/>
            </attachments>
            <failure>
                <message>Node is either not visible or not an HTMLElement</message>
                <stack-trace>Node is either not visible or not an HTMLElement
                Error: Node is either not visible or not an HTMLElement
                    at ElementHandle.clickablePoint (/Users/amandhare/Desktop/webdriverio/node_modules/puppeteer-core/lib/cjs/puppeteer/common/JSHandle.js:330:19)
                    at processTicksAndRejections (internal/process/task_queues.js:95:5)
                    at async ElementHandle.click (/Users/amandhare/Desktop/webdriverio/node_modules/puppeteer-core/lib/cjs/puppeteer/common/JSHandle.js:391:26)
                    at Element.&lt;anonymous> (/Users/amandhare/Desktop/webdriverio/node_modules/@wdio/runner/node_modules/@wdio/utils/build/shim.js:239:24)
                    at Context.&lt;anonymous> (/Users/amandhare/Desktop/webdriverio/test/specs/Ecommerce Application/functional.js:12:15)</stack-trace>
            </failure>
        </test-case>
        <test-case start='1632391900300' status='pending' stop='1632391900300'>
            <name>cheking the window based alert</name>
            <title>cheking the window based alert</title>
            <labels/>
            <parameters/>
            <steps/>
            <attachments/>
            <failure>
                <message>Test ignored</message>
                <stack-trace>undefined</stack-trace>
            </failure>
        </test-case>
        <test-case start='1632391900300' status='passed' stop='1632391900917'>
            <name>validating web table sort </name>
            <title>validating web table sort </title>
            <labels>
                <label name='language' value='javascript'/>
                <label name='framework' value='wdio'/>
                <label name='thread' value='0-0'/>
            </labels>
            <parameters>
                <parameter kind='argument' name='browser' value='Chrome-94.0.4606.54'/>
            </parameters>
            <steps/>
            <attachments/>
        </test-case>
        <test-case start='1632391900917' status='passed' stop='1632391901318'>
            <name>search  sort table functioanlity</name>
            <title>search  sort table functioanlity</title>
            <labels>
                <label name='language' value='javascript'/>
                <label name='framework' value='wdio'/>
                <label name='thread' value='0-0'/>
            </labels>
            <parameters>
                <parameter kind='argument' name='browser' value='Chrome-94.0.4606.54'/>
            </parameters>
            <steps/>
            <attachments/>
        </test-case>
    </test-cases>
</ns2:test-suite>