<?xml version='1.0'?>
<ns2:test-suite xmlns:ns2='urn:model.allure.qatools.yandex.ru' start='1632391595585' stop='1632391665349'>
    <name>Functional testing of application</name>
    <title>Functional testing of application</title>
    <test-cases>
        <test-case start='1632391595586' status='broken' stop='1632391605216'>
            <name>Scrolling AND MOUSE OVER SCENARIO</name>
            <title>Scrolling AND MOUSE OVER SCENARIO</title>
            <labels>
                <label name='language' value='javascript'/>
                <label name='framework' value='wdio'/>
                <label name='thread' value='0-0'/>
            </labels>
            <parameters>
                <parameter kind='argument' name='browser' value='Chrome-94.0.4606.54'/>
            </parameters>
            <steps/>
            <attachments>
                <attachment title='Screenshot' source='3f21311b-1c27-48ba-86f5-6e668752b073-attachment.png' type='image/png' size='814156'/>
            </attachments>
            <failure>
                <message>Node is either not visible or not an HTMLElement</message>
                <stack-trace>Node is either not visible or not an HTMLElement
                Error: Node is either not visible or not an HTMLElement
                    at ElementHandle.clickablePoint (/Users/amandhare/Desktop/webdriverio/node_modules/puppeteer-core/lib/cjs/puppeteer/common/JSHandle.js:330:19)
                    at processTicksAndRejections (internal/process/task_queues.js:95:5)
                    at async ElementHandle.click (/Users/amandhare/Desktop/webdriverio/node_modules/puppeteer-core/lib/cjs/puppeteer/common/JSHandle.js:391:26)
                    at Element.&lt;anonymous> (/Users/amandhare/Desktop/webdriverio/node_modules/@wdio/runner/node_modules/@wdio/utils/build/shim.js:239:24)
                    at Context.&lt;anonymous> (/Users/amandhare/Desktop/webdriverio/test/specs/Ecommerce Application/functional.js:13:11)</stack-trace>
            </failure>
        </test-case>
        <test-case start='1632391605216' status='broken' stop='1632391654061'>
            <name>cheking the window based alert</name>
            <title>cheking the window based alert</title>
            <labels>
                <label name='language' value='javascript'/>
                <label name='framework' value='wdio'/>
                <label name='thread' value='0-0'/>
            </labels>
            <parameters>
                <parameter kind='argument' name='browser' value='Chrome-94.0.4606.54'/>
            </parameters>
            <steps/>
            <attachments>
                <attachment title='Screenshot' source='eacbcc70-8165-4798-8119-42b95040ade7-attachment.png' type='image/png' size='286428'/>
            </attachments>
            <failure>
                <message>browser.isAlertOpen is not a function</message>
                <stack-trace>TypeError: browser.isAlertOpen is not a function
                    at Context.&lt;anonymous> (/Users/amandhare/Desktop/webdriverio/test/specs/Ecommerce Application/functional.js:22:9)</stack-trace>
            </failure>
        </test-case>
        <test-case start='1632391654062' status='passed' stop='1632391654649'>
            <name>validating web table sort </name>
            <title>validating web table sort </title>
            <labels>
                <label name='language' value='javascript'/>
                <label name='framework' value='wdio'/>
                <label name='thread' value='0-0'/>
            </labels>
            <parameters>
                <parameter kind='argument' name='browser' value='Chrome-94.0.4606.54'/>
            </parameters>
            <steps/>
            <attachments/>
        </test-case>
        <test-case start='1632391654650' status='failed' stop='1632391665348'>
            <name>search  sort table functioanlity</name>
            <title>search  sort table functioanlity</title>
            <labels>
                <label name='language' value='javascript'/>
                <label name='framework' value='wdio'/>
                <label name='thread' value='0-0'/>
            </labels>
            <parameters>
                <parameter kind='argument' name='browser' value='Chrome-94.0.4606.54'/>
            </parameters>
            <steps/>
            <attachments>
                <attachment title='Screenshot' source='86e76e8d-bbd1-4e67-a56c-3f709d5bdf96-attachment.png' type='image/png' size='60813'/>
            </attachments>
            <failure>
                <message>Expect $(`tr td:nth-child(1)`) to have text
                
                Expected: "tomao"
                Received: "Tomato"</message>
                <stack-trace>Error: Expect $(`tr td:nth-child(1)`) to have text
                
                Expected: "tomao"
                Received: "Tomato"
                    at Context.&lt;anonymous> (/Users/amandhare/Desktop/webdriverio/test/specs/Ecommerce Application/functional.js:75:32)</stack-trace>
            </failure>
        </test-case>
    </test-cases>
</ns2:test-suite>